[0.320s] DEBUG:colcon:Command line arguments: ['/usr/bin/colcon', 'build']
[0.320s] DEBUG:colcon:Parsed command line arguments: Namespace(ament_cmake_args=None, base_paths=['.'], build_base='build', catkin_cmake_args=None, catkin_skip_building_tests=False, cmake_args=None, cmake_clean_cache=False, cmake_clean_first=False, cmake_force_configure=False, cmake_target=None, cmake_target_skip_unavailable=False, continue_on_error=False, event_handlers=None, executor='parallel', ignore_user_meta=False, install_base='install', log_base=None, log_level=None, main=<bound method BuildVerb.main of <colcon_core.verb.build.BuildVerb object at 0x7faea0c2ba60>>, merge_install=False, metas=['./colcon.meta'], packages_above=None, packages_above_and_dependencies=None, packages_above_depth=None, packages_end=None, packages_ignore=None, packages_ignore_regex=None, packages_select=None, packages_select_build_failed=False, packages_select_by_dep=None, packages_select_regex=None, packages_select_test_failures=False, packages_skip=None, packages_skip_build_finished=False, packages_skip_by_dep=None, packages_skip_regex=None, packages_skip_test_passed=False, packages_skip_up_to=None, packages_start=None, packages_up_to=None, packages_up_to_regex=None, parallel_workers=4, paths=None, symlink_install=False, test_result_base=None, verb_extension=<colcon_core.verb.build.BuildVerb object at 0x7faea0c2ba60>, verb_name='build', verb_parser=<colcon_defaults.argument_parser.defaults.DefaultArgumentsDecorator object at 0x7faea0edd3a0>)
[0.331s] Level 1:colcon.colcon_core.package_discovery:discover_packages(colcon_meta) check parameters
[0.331s] Level 1:colcon.colcon_core.package_discovery:discover_packages(recursive) check parameters
[0.331s] Level 1:colcon.colcon_core.package_discovery:discover_packages(ignore) check parameters
[0.331s] Level 1:colcon.colcon_core.package_discovery:discover_packages(path) check parameters
[0.331s] Level 1:colcon.colcon_core.package_discovery:discover_packages(colcon_meta) discover
[0.331s] Level 1:colcon.colcon_core.package_discovery:discover_packages(recursive) discover
[0.331s] INFO:colcon.colcon_core.package_discovery:Crawling recursively for packages in '/home/talha/dev_ws/src'
[0.331s] Level 1:colcon.colcon_core.package_identification:_identify(.) by extensions ['ignore', 'ignore_ament_install']
[0.332s] Level 1:colcon.colcon_core.package_identification:_identify(.) by extension 'ignore'
[0.332s] Level 1:colcon.colcon_core.package_identification:_identify(.) by extension 'ignore_ament_install'
[0.332s] Level 1:colcon.colcon_core.package_identification:_identify(.) by extensions ['colcon_pkg']
[0.332s] Level 1:colcon.colcon_core.package_identification:_identify(.) by extension 'colcon_pkg'
[0.332s] Level 1:colcon.colcon_core.package_identification:_identify(.) by extensions ['colcon_meta']
[0.332s] Level 1:colcon.colcon_core.package_identification:_identify(.) by extension 'colcon_meta'
[0.332s] Level 1:colcon.colcon_core.package_identification:_identify(.) by extensions ['ros']
[0.332s] Level 1:colcon.colcon_core.package_identification:_identify(.) by extension 'ros'
[0.342s] Level 1:colcon.colcon_core.package_identification:_identify(.) by extensions ['cmake', 'python']
[0.342s] Level 1:colcon.colcon_core.package_identification:_identify(.) by extension 'cmake'
[0.342s] Level 1:colcon.colcon_core.package_identification:_identify(.) by extension 'python'
[0.342s] Level 1:colcon.colcon_core.package_identification:_identify(.) by extensions ['python_setup_py']
[0.342s] Level 1:colcon.colcon_core.package_identification:_identify(.) by extension 'python_setup_py'
[0.342s] Level 1:colcon.colcon_core.package_identification:_identify(build) by extensions ['ignore', 'ignore_ament_install']
[0.342s] Level 1:colcon.colcon_core.package_identification:_identify(build) by extension 'ignore'
[0.342s] Level 1:colcon.colcon_core.package_identification:_identify(build) ignored
[0.342s] Level 1:colcon.colcon_core.package_identification:_identify(install) by extensions ['ignore', 'ignore_ament_install']
[0.342s] Level 1:colcon.colcon_core.package_identification:_identify(install) by extension 'ignore'
[0.343s] Level 1:colcon.colcon_core.package_identification:_identify(install) ignored
[0.343s] Level 1:colcon.colcon_core.package_identification:_identify(log) by extensions ['ignore', 'ignore_ament_install']
[0.343s] Level 1:colcon.colcon_core.package_identification:_identify(log) by extension 'ignore'
[0.343s] Level 1:colcon.colcon_core.package_identification:_identify(log) ignored
[0.343s] Level 1:colcon.colcon_core.package_identification:_identify(pcd_publisher) by extensions ['ignore', 'ignore_ament_install']
[0.343s] Level 1:colcon.colcon_core.package_identification:_identify(pcd_publisher) by extension 'ignore'
[0.343s] Level 1:colcon.colcon_core.package_identification:_identify(pcd_publisher) by extension 'ignore_ament_install'
[0.343s] Level 1:colcon.colcon_core.package_identification:_identify(pcd_publisher) by extensions ['colcon_pkg']
[0.343s] Level 1:colcon.colcon_core.package_identification:_identify(pcd_publisher) by extension 'colcon_pkg'
[0.343s] Level 1:colcon.colcon_core.package_identification:_identify(pcd_publisher) by extensions ['colcon_meta']
[0.343s] Level 1:colcon.colcon_core.package_identification:_identify(pcd_publisher) by extension 'colcon_meta'
[0.343s] Level 1:colcon.colcon_core.package_identification:_identify(pcd_publisher) by extensions ['ros']
[0.343s] Level 1:colcon.colcon_core.package_identification:_identify(pcd_publisher) by extension 'ros'
[0.347s] DEBUG:colcon.colcon_core.package_identification:Package 'pcd_publisher' with type 'ros.ament_python' and name 'pcd_publisher'
[0.348s] Level 1:colcon.colcon_core.package_identification:_identify(py_pubsub) by extensions ['ignore', 'ignore_ament_install']
[0.348s] Level 1:colcon.colcon_core.package_identification:_identify(py_pubsub) by extension 'ignore'
[0.348s] Level 1:colcon.colcon_core.package_identification:_identify(py_pubsub) by extension 'ignore_ament_install'
[0.348s] Level 1:colcon.colcon_core.package_identification:_identify(py_pubsub) by extensions ['colcon_pkg']
[0.348s] Level 1:colcon.colcon_core.package_identification:_identify(py_pubsub) by extension 'colcon_pkg'
[0.348s] Level 1:colcon.colcon_core.package_identification:_identify(py_pubsub) by extensions ['colcon_meta']
[0.348s] Level 1:colcon.colcon_core.package_identification:_identify(py_pubsub) by extension 'colcon_meta'
[0.348s] Level 1:colcon.colcon_core.package_identification:_identify(py_pubsub) by extensions ['ros']
[0.348s] Level 1:colcon.colcon_core.package_identification:_identify(py_pubsub) by extension 'ros'
[0.350s] DEBUG:colcon.colcon_core.package_identification:Package 'py_pubsub' with type 'ros.ament_python' and name 'py_pubsub'
[0.350s] Level 1:colcon.colcon_core.package_identification:_identify(py_srvcli) by extensions ['ignore', 'ignore_ament_install']
[0.350s] Level 1:colcon.colcon_core.package_identification:_identify(py_srvcli) by extension 'ignore'
[0.350s] Level 1:colcon.colcon_core.package_identification:_identify(py_srvcli) by extension 'ignore_ament_install'
[0.350s] Level 1:colcon.colcon_core.package_identification:_identify(py_srvcli) by extensions ['colcon_pkg']
[0.350s] Level 1:colcon.colcon_core.package_identification:_identify(py_srvcli) by extension 'colcon_pkg'
[0.350s] Level 1:colcon.colcon_core.package_identification:_identify(py_srvcli) by extensions ['colcon_meta']
[0.350s] Level 1:colcon.colcon_core.package_identification:_identify(py_srvcli) by extension 'colcon_meta'
[0.350s] Level 1:colcon.colcon_core.package_identification:_identify(py_srvcli) by extensions ['ros']
[0.350s] Level 1:colcon.colcon_core.package_identification:_identify(py_srvcli) by extension 'ros'
[0.352s] DEBUG:colcon.colcon_core.package_identification:Package 'py_srvcli' with type 'ros.ament_python' and name 'py_srvcli'
[0.352s] Level 1:colcon.colcon_core.package_identification:_identify(ros2_numpy) by extensions ['ignore', 'ignore_ament_install']
[0.352s] Level 1:colcon.colcon_core.package_identification:_identify(ros2_numpy) by extension 'ignore'
[0.352s] Level 1:colcon.colcon_core.package_identification:_identify(ros2_numpy) by extension 'ignore_ament_install'
[0.352s] Level 1:colcon.colcon_core.package_identification:_identify(ros2_numpy) by extensions ['colcon_pkg']
[0.352s] Level 1:colcon.colcon_core.package_identification:_identify(ros2_numpy) by extension 'colcon_pkg'
[0.352s] Level 1:colcon.colcon_core.package_identification:_identify(ros2_numpy) by extensions ['colcon_meta']
[0.352s] Level 1:colcon.colcon_core.package_identification:_identify(ros2_numpy) by extension 'colcon_meta'
[0.352s] Level 1:colcon.colcon_core.package_identification:_identify(ros2_numpy) by extensions ['ros']
[0.352s] Level 1:colcon.colcon_core.package_identification:_identify(ros2_numpy) by extension 'ros'
[0.353s] DEBUG:colcon.colcon_core.package_identification:Package 'ros2_numpy' with type 'ros.ament_cmake' and name 'ros2_numpy'
[0.353s] Level 1:colcon.colcon_core.package_discovery:discover_packages(recursive) using defaults
[0.353s] Level 1:colcon.colcon_core.package_discovery:discover_packages(ignore) discover
[0.353s] Level 1:colcon.colcon_core.package_discovery:discover_packages(ignore) using defaults
[0.353s] Level 1:colcon.colcon_core.package_discovery:discover_packages(path) discover
[0.353s] Level 1:colcon.colcon_core.package_discovery:discover_packages(path) using defaults
[0.374s] Level 5:colcon.colcon_core.verb:set package 'pcd_publisher' build argument 'cmake_args' from command line to 'None'
[0.374s] Level 5:colcon.colcon_core.verb:set package 'pcd_publisher' build argument 'cmake_target' from command line to 'None'
[0.374s] Level 5:colcon.colcon_core.verb:set package 'pcd_publisher' build argument 'cmake_target_skip_unavailable' from command line to 'False'
[0.374s] Level 5:colcon.colcon_core.verb:set package 'pcd_publisher' build argument 'cmake_clean_cache' from command line to 'False'
[0.374s] Level 5:colcon.colcon_core.verb:set package 'pcd_publisher' build argument 'cmake_clean_first' from command line to 'False'
[0.374s] Level 5:colcon.colcon_core.verb:set package 'pcd_publisher' build argument 'cmake_force_configure' from command line to 'False'
[0.374s] Level 5:colcon.colcon_core.verb:set package 'pcd_publisher' build argument 'ament_cmake_args' from command line to 'None'
[0.375s] Level 5:colcon.colcon_core.verb:set package 'pcd_publisher' build argument 'catkin_cmake_args' from command line to 'None'
[0.375s] Level 5:colcon.colcon_core.verb:set package 'pcd_publisher' build argument 'catkin_skip_building_tests' from command line to 'False'
[0.375s] DEBUG:colcon.colcon_core.verb:Building package 'pcd_publisher' with the following arguments: {'ament_cmake_args': None, 'build_base': '/home/talha/dev_ws/src/build/pcd_publisher', 'catkin_cmake_args': None, 'catkin_skip_building_tests': False, 'cmake_args': None, 'cmake_clean_cache': False, 'cmake_clean_first': False, 'cmake_force_configure': False, 'cmake_target': None, 'cmake_target_skip_unavailable': False, 'install_base': '/home/talha/dev_ws/src/install/pcd_publisher', 'merge_install': False, 'path': '/home/talha/dev_ws/src/pcd_publisher', 'symlink_install': False, 'test_result_base': None}
[0.377s] Level 5:colcon.colcon_core.verb:set package 'py_pubsub' build argument 'cmake_args' from command line to 'None'
[0.377s] Level 5:colcon.colcon_core.verb:set package 'py_pubsub' build argument 'cmake_target' from command line to 'None'
[0.377s] Level 5:colcon.colcon_core.verb:set package 'py_pubsub' build argument 'cmake_target_skip_unavailable' from command line to 'False'
[0.377s] Level 5:colcon.colcon_core.verb:set package 'py_pubsub' build argument 'cmake_clean_cache' from command line to 'False'
[0.377s] Level 5:colcon.colcon_core.verb:set package 'py_pubsub' build argument 'cmake_clean_first' from command line to 'False'
[0.377s] Level 5:colcon.colcon_core.verb:set package 'py_pubsub' build argument 'cmake_force_configure' from command line to 'False'
[0.377s] Level 5:colcon.colcon_core.verb:set package 'py_pubsub' build argument 'ament_cmake_args' from command line to 'None'
[0.377s] Level 5:colcon.colcon_core.verb:set package 'py_pubsub' build argument 'catkin_cmake_args' from command line to 'None'
[0.377s] Level 5:colcon.colcon_core.verb:set package 'py_pubsub' build argument 'catkin_skip_building_tests' from command line to 'False'
[0.377s] DEBUG:colcon.colcon_core.verb:Building package 'py_pubsub' with the following arguments: {'ament_cmake_args': None, 'build_base': '/home/talha/dev_ws/src/build/py_pubsub', 'catkin_cmake_args': None, 'catkin_skip_building_tests': False, 'cmake_args': None, 'cmake_clean_cache': False, 'cmake_clean_first': False, 'cmake_force_configure': False, 'cmake_target': None, 'cmake_target_skip_unavailable': False, 'install_base': '/home/talha/dev_ws/src/install/py_pubsub', 'merge_install': False, 'path': '/home/talha/dev_ws/src/py_pubsub', 'symlink_install': False, 'test_result_base': None}
[0.379s] Level 5:colcon.colcon_core.verb:set package 'py_srvcli' build argument 'cmake_args' from command line to 'None'
[0.379s] Level 5:colcon.colcon_core.verb:set package 'py_srvcli' build argument 'cmake_target' from command line to 'None'
[0.380s] Level 5:colcon.colcon_core.verb:set package 'py_srvcli' build argument 'cmake_target_skip_unavailable' from command line to 'False'
[0.380s] Level 5:colcon.colcon_core.verb:set package 'py_srvcli' build argument 'cmake_clean_cache' from command line to 'False'
[0.380s] Level 5:colcon.colcon_core.verb:set package 'py_srvcli' build argument 'cmake_clean_first' from command line to 'False'
[0.380s] Level 5:colcon.colcon_core.verb:set package 'py_srvcli' build argument 'cmake_force_configure' from command line to 'False'
[0.380s] Level 5:colcon.colcon_core.verb:set package 'py_srvcli' build argument 'ament_cmake_args' from command line to 'None'
[0.380s] Level 5:colcon.colcon_core.verb:set package 'py_srvcli' build argument 'catkin_cmake_args' from command line to 'None'
[0.380s] Level 5:colcon.colcon_core.verb:set package 'py_srvcli' build argument 'catkin_skip_building_tests' from command line to 'False'
[0.380s] DEBUG:colcon.colcon_core.verb:Building package 'py_srvcli' with the following arguments: {'ament_cmake_args': None, 'build_base': '/home/talha/dev_ws/src/build/py_srvcli', 'catkin_cmake_args': None, 'catkin_skip_building_tests': False, 'cmake_args': None, 'cmake_clean_cache': False, 'cmake_clean_first': False, 'cmake_force_configure': False, 'cmake_target': None, 'cmake_target_skip_unavailable': False, 'install_base': '/home/talha/dev_ws/src/install/py_srvcli', 'merge_install': False, 'path': '/home/talha/dev_ws/src/py_srvcli', 'symlink_install': False, 'test_result_base': None}
[0.382s] Level 5:colcon.colcon_core.verb:set package 'ros2_numpy' build argument 'cmake_args' from command line to 'None'
[0.382s] Level 5:colcon.colcon_core.verb:set package 'ros2_numpy' build argument 'cmake_target' from command line to 'None'
[0.382s] Level 5:colcon.colcon_core.verb:set package 'ros2_numpy' build argument 'cmake_target_skip_unavailable' from command line to 'False'
[0.382s] Level 5:colcon.colcon_core.verb:set package 'ros2_numpy' build argument 'cmake_clean_cache' from command line to 'False'
[0.382s] Level 5:colcon.colcon_core.verb:set package 'ros2_numpy' build argument 'cmake_clean_first' from command line to 'False'
[0.382s] Level 5:colcon.colcon_core.verb:set package 'ros2_numpy' build argument 'cmake_force_configure' from command line to 'False'
[0.382s] Level 5:colcon.colcon_core.verb:set package 'ros2_numpy' build argument 'ament_cmake_args' from command line to 'None'
[0.382s] Level 5:colcon.colcon_core.verb:set package 'ros2_numpy' build argument 'catkin_cmake_args' from command line to 'None'
[0.382s] Level 5:colcon.colcon_core.verb:set package 'ros2_numpy' build argument 'catkin_skip_building_tests' from command line to 'False'
[0.382s] DEBUG:colcon.colcon_core.verb:Building package 'ros2_numpy' with the following arguments: {'ament_cmake_args': None, 'build_base': '/home/talha/dev_ws/src/build/ros2_numpy', 'catkin_cmake_args': None, 'catkin_skip_building_tests': False, 'cmake_args': None, 'cmake_clean_cache': False, 'cmake_clean_first': False, 'cmake_force_configure': False, 'cmake_target': None, 'cmake_target_skip_unavailable': False, 'install_base': '/home/talha/dev_ws/src/install/ros2_numpy', 'merge_install': False, 'path': '/home/talha/dev_ws/src/ros2_numpy', 'symlink_install': False, 'test_result_base': None}
[0.383s] INFO:colcon.colcon_core.executor:Executing jobs using 'parallel' executor
[0.385s] DEBUG:colcon.colcon_parallel_executor.executor.parallel:run_until_complete
[0.385s] INFO:colcon.colcon_ros.task.ament_python.build:Building ROS package in '/home/talha/dev_ws/src/pcd_publisher' with build type 'ament_python'
[0.385s] Level 1:colcon.colcon_core.shell:create_environment_hook('pcd_publisher', 'ament_prefix_path')
[0.394s] INFO:colcon.colcon_core.plugin_system:Skipping extension 'colcon_core.shell.bat': Not used on non-Windows systems
[0.394s] INFO:colcon.colcon_core.shell:Creating environment hook '/home/talha/dev_ws/src/install/pcd_publisher/share/pcd_publisher/hook/ament_prefix_path.ps1'
[0.396s] INFO:colcon.colcon_core.shell:Creating environment descriptor '/home/talha/dev_ws/src/install/pcd_publisher/share/pcd_publisher/hook/ament_prefix_path.dsv'
[0.397s] INFO:colcon.colcon_core.shell:Creating environment hook '/home/talha/dev_ws/src/install/pcd_publisher/share/pcd_publisher/hook/ament_prefix_path.sh'
[0.398s] INFO:colcon.colcon_core.shell:Skip shell extension 'powershell' for command environment: Not usable outside of PowerShell
[0.398s] DEBUG:colcon.colcon_core.shell:Skip shell extension 'dsv' for command environment
[0.402s] DEBUG:colcon.colcon_core.shell:Ignoring prefix path '/opt/ros/foxy'
[0.404s] INFO:colcon.colcon_ros.task.ament_python.build:Building ROS package in '/home/talha/dev_ws/src/py_pubsub' with build type 'ament_python'
[0.405s] Level 1:colcon.colcon_core.shell:create_environment_hook('py_pubsub', 'ament_prefix_path')
[0.405s] INFO:colcon.colcon_core.shell:Creating environment hook '/home/talha/dev_ws/src/install/py_pubsub/share/py_pubsub/hook/ament_prefix_path.ps1'
[0.406s] INFO:colcon.colcon_core.shell:Creating environment descriptor '/home/talha/dev_ws/src/install/py_pubsub/share/py_pubsub/hook/ament_prefix_path.dsv'
[0.406s] INFO:colcon.colcon_core.shell:Creating environment hook '/home/talha/dev_ws/src/install/py_pubsub/share/py_pubsub/hook/ament_prefix_path.sh'
[0.407s] INFO:colcon.colcon_core.shell:Skip shell extension 'powershell' for command environment: Not usable outside of PowerShell
[0.407s] DEBUG:colcon.colcon_core.shell:Skip shell extension 'dsv' for command environment
[0.409s] DEBUG:colcon.colcon_core.shell:Ignoring prefix path '/opt/ros/foxy'
[0.411s] INFO:colcon.colcon_ros.task.ament_python.build:Building ROS package in '/home/talha/dev_ws/src/py_srvcli' with build type 'ament_python'
[0.411s] Level 1:colcon.colcon_core.shell:create_environment_hook('py_srvcli', 'ament_prefix_path')
[0.412s] INFO:colcon.colcon_core.shell:Creating environment hook '/home/talha/dev_ws/src/install/py_srvcli/share/py_srvcli/hook/ament_prefix_path.ps1'
[0.413s] INFO:colcon.colcon_core.shell:Creating environment descriptor '/home/talha/dev_ws/src/install/py_srvcli/share/py_srvcli/hook/ament_prefix_path.dsv'
[0.413s] INFO:colcon.colcon_core.shell:Creating environment hook '/home/talha/dev_ws/src/install/py_srvcli/share/py_srvcli/hook/ament_prefix_path.sh'
[0.414s] INFO:colcon.colcon_core.shell:Skip shell extension 'powershell' for command environment: Not usable outside of PowerShell
[0.414s] DEBUG:colcon.colcon_core.shell:Skip shell extension 'dsv' for command environment
[0.415s] DEBUG:colcon.colcon_core.shell:Ignoring prefix path '/opt/ros/foxy'
[0.418s] INFO:colcon.colcon_ros.task.ament_cmake.build:Building ROS package in '/home/talha/dev_ws/src/ros2_numpy' with build type 'ament_cmake'
[0.418s] INFO:colcon.colcon_cmake.task.cmake.build:Building CMake package in '/home/talha/dev_ws/src/ros2_numpy'
[0.419s] INFO:colcon.colcon_core.shell:Skip shell extension 'powershell' for command environment: Not usable outside of PowerShell
[0.419s] DEBUG:colcon.colcon_core.shell:Skip shell extension 'dsv' for command environment
[0.423s] DEBUG:colcon.colcon_core.shell:Ignoring prefix path '/opt/ros/foxy'
[0.620s] INFO:colcon.colcon_core.task.python.build:Building Python package in '/home/talha/dev_ws/src/pcd_publisher'
[0.621s] INFO:colcon.colcon_core.shell:Skip shell extension 'powershell' for command environment: Not usable outside of PowerShell
[0.621s] DEBUG:colcon.colcon_core.shell:Skip shell extension 'dsv' for command environment
[0.623s] DEBUG:colcon.colcon_core.shell:Ignoring prefix path '/opt/ros/foxy'
[0.817s] INFO:colcon.colcon_core.task.python.build:Building Python package in '/home/talha/dev_ws/src/py_pubsub'
[0.818s] INFO:colcon.colcon_core.shell:Skip shell extension 'powershell' for command environment: Not usable outside of PowerShell
[0.818s] DEBUG:colcon.colcon_core.shell:Skip shell extension 'dsv' for command environment
[0.820s] DEBUG:colcon.colcon_core.shell:Ignoring prefix path '/opt/ros/foxy'
[1.016s] INFO:colcon.colcon_core.task.python.build:Building Python package in '/home/talha/dev_ws/src/py_srvcli'
[1.017s] INFO:colcon.colcon_core.shell:Skip shell extension 'powershell' for command environment: Not usable outside of PowerShell
[1.017s] DEBUG:colcon.colcon_core.shell:Skip shell extension 'dsv' for command environment
[1.019s] DEBUG:colcon.colcon_core.shell:Ignoring prefix path '/opt/ros/foxy'
[1.025s] DEBUG:colcon.colcon_core.event_handler.log_command:Invoking command in '/home/talha/dev_ws/src/build/ros2_numpy': CMAKE_PREFIX_PATH=/home/talha/dev_ws/install/py_srvcli:/home/talha/dev_ws/install/py_pubsub:/home/talha/dev_ws/install/pcd_publisher:/opt/ros/foxy /usr/bin/cmake /home/talha/dev_ws/src/ros2_numpy -DCMAKE_INSTALL_PREFIX=/home/talha/dev_ws/src/install/ros2_numpy
[1.035s] DEBUG:colcon.colcon_core.event_handler.log_command:Invoking command in '/home/talha/dev_ws/src/build/pcd_publisher': PYTHONPATH=/home/talha/dev_ws/src/install/pcd_publisher/lib/python3.8/site-packages:${PYTHONPATH} /usr/bin/python3 setup.py develop --prefix /home/talha/dev_ws/src/install/pcd_publisher --uninstall --editable --build-directory /home/talha/dev_ws/src/build/pcd_publisher/build
[1.044s] DEBUG:colcon.colcon_core.event_handler.log_command:Invoking command in '/home/talha/dev_ws/src/py_pubsub': PYTHONPATH=/home/talha/dev_ws/src/install/py_pubsub/lib/python3.8/site-packages:${PYTHONPATH} /usr/bin/python3 setup.py egg_info --egg-base ../build/py_pubsub build --build-base /home/talha/dev_ws/src/build/py_pubsub/build install --prefix /home/talha/dev_ws/src/install/py_pubsub --record /home/talha/dev_ws/src/build/py_pubsub/install.log --single-version-externally-managed
[1.049s] DEBUG:colcon.colcon_core.event_handler.log_command:Invoking command in '/home/talha/dev_ws/src/py_srvcli': PYTHONPATH=/home/talha/dev_ws/src/install/py_srvcli/lib/python3.8/site-packages:${PYTHONPATH} /usr/bin/python3 setup.py egg_info --egg-base ../build/py_srvcli build --build-base /home/talha/dev_ws/src/build/py_srvcli/build install --prefix /home/talha/dev_ws/src/install/py_srvcli --record /home/talha/dev_ws/src/build/py_srvcli/install.log --single-version-externally-managed
[1.507s] DEBUG:colcon.colcon_core.event_handler.log_command:Invoked command in '/home/talha/dev_ws/src/py_pubsub' returned '0': PYTHONPATH=/home/talha/dev_ws/src/install/py_pubsub/lib/python3.8/site-packages:${PYTHONPATH} /usr/bin/python3 setup.py egg_info --egg-base ../build/py_pubsub build --build-base /home/talha/dev_ws/src/build/py_pubsub/build install --prefix /home/talha/dev_ws/src/install/py_pubsub --record /home/talha/dev_ws/src/build/py_pubsub/install.log --single-version-externally-managed
[1.512s] Level 1:colcon.colcon_core.environment:checking '/home/talha/dev_ws/src/install/py_pubsub' for CMake module files
[1.513s] Level 1:colcon.colcon_core.environment:checking '/home/talha/dev_ws/src/install/py_pubsub' for CMake config files
[1.514s] Level 1:colcon.colcon_core.environment:checking '/home/talha/dev_ws/src/install/py_pubsub/lib'
[1.514s] Level 1:colcon.colcon_core.environment:checking '/home/talha/dev_ws/src/install/py_pubsub/bin'
[1.514s] Level 1:colcon.colcon_core.environment:checking '/home/talha/dev_ws/src/install/py_pubsub/lib/pkgconfig/py_pubsub.pc'
[1.515s] Level 1:colcon.colcon_core.environment:checking '/home/talha/dev_ws/src/install/py_pubsub/lib/python3.8/site-packages'
[1.515s] Level 1:colcon.colcon_core.shell:create_environment_hook('py_pubsub', 'pythonpath')
[1.516s] INFO:colcon.colcon_core.shell:Creating environment hook '/home/talha/dev_ws/src/install/py_pubsub/share/py_pubsub/hook/pythonpath.ps1'
[1.516s] INFO:colcon.colcon_core.shell:Creating environment descriptor '/home/talha/dev_ws/src/install/py_pubsub/share/py_pubsub/hook/pythonpath.dsv'
[1.517s] INFO:colcon.colcon_core.shell:Creating environment hook '/home/talha/dev_ws/src/install/py_pubsub/share/py_pubsub/hook/pythonpath.sh'
[1.518s] Level 1:colcon.colcon_core.environment:create_environment_scripts_only(py_pubsub)
[1.519s] INFO:colcon.colcon_core.shell:Creating package script '/home/talha/dev_ws/src/install/py_pubsub/share/py_pubsub/package.ps1'
[1.521s] INFO:colcon.colcon_core.shell:Creating package descriptor '/home/talha/dev_ws/src/install/py_pubsub/share/py_pubsub/package.dsv'
[1.523s] INFO:colcon.colcon_core.shell:Creating package script '/home/talha/dev_ws/src/install/py_pubsub/share/py_pubsub/package.sh'
[1.525s] INFO:colcon.colcon_core.shell:Creating package script '/home/talha/dev_ws/src/install/py_pubsub/share/py_pubsub/package.bash'
[1.531s] INFO:colcon.colcon_core.shell:Creating package script '/home/talha/dev_ws/src/install/py_pubsub/share/py_pubsub/package.zsh'
[1.533s] Level 1:colcon.colcon_core.environment:create_file_with_runtime_dependencies(/home/talha/dev_ws/src/install/py_pubsub/share/colcon-core/packages/py_pubsub)
[1.536s] Level 1:colcon.colcon_core.environment:checking '/home/talha/dev_ws/src/install/py_srvcli' for CMake module files
[1.537s] DEBUG:colcon.colcon_core.event_handler.log_command:Invoked command in '/home/talha/dev_ws/src/py_srvcli' returned '0': PYTHONPATH=/home/talha/dev_ws/src/install/py_srvcli/lib/python3.8/site-packages:${PYTHONPATH} /usr/bin/python3 setup.py egg_info --egg-base ../build/py_srvcli build --build-base /home/talha/dev_ws/src/build/py_srvcli/build install --prefix /home/talha/dev_ws/src/install/py_srvcli --record /home/talha/dev_ws/src/build/py_srvcli/install.log --single-version-externally-managed
[1.537s] Level 1:colcon.colcon_core.environment:checking '/home/talha/dev_ws/src/install/py_srvcli' for CMake config files
[1.538s] Level 1:colcon.colcon_core.environment:checking '/home/talha/dev_ws/src/install/py_srvcli/lib'
[1.538s] Level 1:colcon.colcon_core.environment:checking '/home/talha/dev_ws/src/install/py_srvcli/bin'
[1.539s] Level 1:colcon.colcon_core.environment:checking '/home/talha/dev_ws/src/install/py_srvcli/lib/pkgconfig/py_srvcli.pc'
[1.539s] Level 1:colcon.colcon_core.environment:checking '/home/talha/dev_ws/src/install/py_srvcli/lib/python3.8/site-packages'
[1.539s] Level 1:colcon.colcon_core.shell:create_environment_hook('py_srvcli', 'pythonpath')
[1.540s] INFO:colcon.colcon_core.shell:Creating environment hook '/home/talha/dev_ws/src/install/py_srvcli/share/py_srvcli/hook/pythonpath.ps1'
[1.540s] INFO:colcon.colcon_core.shell:Creating environment descriptor '/home/talha/dev_ws/src/install/py_srvcli/share/py_srvcli/hook/pythonpath.dsv'
[1.541s] INFO:colcon.colcon_core.shell:Creating environment hook '/home/talha/dev_ws/src/install/py_srvcli/share/py_srvcli/hook/pythonpath.sh'
[1.541s] Level 1:colcon.colcon_core.environment:create_environment_scripts_only(py_srvcli)
[1.542s] INFO:colcon.colcon_core.shell:Creating package script '/home/talha/dev_ws/src/install/py_srvcli/share/py_srvcli/package.ps1'
[1.543s] INFO:colcon.colcon_core.shell:Creating package descriptor '/home/talha/dev_ws/src/install/py_srvcli/share/py_srvcli/package.dsv'
[1.543s] INFO:colcon.colcon_core.shell:Creating package script '/home/talha/dev_ws/src/install/py_srvcli/share/py_srvcli/package.sh'
[1.544s] INFO:colcon.colcon_core.shell:Creating package script '/home/talha/dev_ws/src/install/py_srvcli/share/py_srvcli/package.bash'
[1.544s] INFO:colcon.colcon_core.shell:Creating package script '/home/talha/dev_ws/src/install/py_srvcli/share/py_srvcli/package.zsh'
[1.544s] Level 1:colcon.colcon_core.environment:create_file_with_runtime_dependencies(/home/talha/dev_ws/src/install/py_srvcli/share/colcon-core/packages/py_srvcli)
[1.687s] DEBUG:colcon.colcon_core.event_handler.log_command:Invoked command in '/home/talha/dev_ws/src/build/pcd_publisher' returned '0': PYTHONPATH=/home/talha/dev_ws/src/install/pcd_publisher/lib/python3.8/site-packages:${PYTHONPATH} /usr/bin/python3 setup.py develop --prefix /home/talha/dev_ws/src/install/pcd_publisher --uninstall --editable --build-directory /home/talha/dev_ws/src/build/pcd_publisher/build
[1.687s] DEBUG:colcon.colcon_core.event_handler.log_command:Invoking command in '/home/talha/dev_ws/src/pcd_publisher': PYTHONPATH=/home/talha/dev_ws/src/install/pcd_publisher/lib/python3.8/site-packages:${PYTHONPATH} /usr/bin/python3 setup.py egg_info --egg-base ../build/pcd_publisher build --build-base /home/talha/dev_ws/src/build/pcd_publisher/build install --prefix /home/talha/dev_ws/src/install/pcd_publisher --record /home/talha/dev_ws/src/build/pcd_publisher/install.log --single-version-externally-managed
[2.052s] Level 1:colcon.colcon_core.environment:checking '/home/talha/dev_ws/src/install/pcd_publisher' for CMake module files
[2.052s] DEBUG:colcon.colcon_core.event_handler.log_command:Invoked command in '/home/talha/dev_ws/src/pcd_publisher' returned '0': PYTHONPATH=/home/talha/dev_ws/src/install/pcd_publisher/lib/python3.8/site-packages:${PYTHONPATH} /usr/bin/python3 setup.py egg_info --egg-base ../build/pcd_publisher build --build-base /home/talha/dev_ws/src/build/pcd_publisher/build install --prefix /home/talha/dev_ws/src/install/pcd_publisher --record /home/talha/dev_ws/src/build/pcd_publisher/install.log --single-version-externally-managed
[2.053s] Level 1:colcon.colcon_core.environment:checking '/home/talha/dev_ws/src/install/pcd_publisher' for CMake config files
[2.054s] Level 1:colcon.colcon_core.environment:checking '/home/talha/dev_ws/src/install/pcd_publisher/lib'
[2.054s] Level 1:colcon.colcon_core.environment:checking '/home/talha/dev_ws/src/install/pcd_publisher/bin'
[2.054s] Level 1:colcon.colcon_core.environment:checking '/home/talha/dev_ws/src/install/pcd_publisher/lib/pkgconfig/pcd_publisher.pc'
[2.054s] Level 1:colcon.colcon_core.environment:checking '/home/talha/dev_ws/src/install/pcd_publisher/lib/python3.8/site-packages'
[2.054s] Level 1:colcon.colcon_core.shell:create_environment_hook('pcd_publisher', 'pythonpath')
[2.054s] INFO:colcon.colcon_core.shell:Creating environment hook '/home/talha/dev_ws/src/install/pcd_publisher/share/pcd_publisher/hook/pythonpath.ps1'
[2.055s] INFO:colcon.colcon_core.shell:Creating environment descriptor '/home/talha/dev_ws/src/install/pcd_publisher/share/pcd_publisher/hook/pythonpath.dsv'
[2.055s] INFO:colcon.colcon_core.shell:Creating environment hook '/home/talha/dev_ws/src/install/pcd_publisher/share/pcd_publisher/hook/pythonpath.sh'
[2.056s] Level 1:colcon.colcon_core.environment:create_environment_scripts_only(pcd_publisher)
[2.056s] INFO:colcon.colcon_core.shell:Creating package script '/home/talha/dev_ws/src/install/pcd_publisher/share/pcd_publisher/package.ps1'
[2.057s] INFO:colcon.colcon_core.shell:Creating package descriptor '/home/talha/dev_ws/src/install/pcd_publisher/share/pcd_publisher/package.dsv'
[2.057s] INFO:colcon.colcon_core.shell:Creating package script '/home/talha/dev_ws/src/install/pcd_publisher/share/pcd_publisher/package.sh'
[2.057s] INFO:colcon.colcon_core.shell:Creating package script '/home/talha/dev_ws/src/install/pcd_publisher/share/pcd_publisher/package.bash'
[2.058s] INFO:colcon.colcon_core.shell:Creating package script '/home/talha/dev_ws/src/install/pcd_publisher/share/pcd_publisher/package.zsh'
[2.058s] Level 1:colcon.colcon_core.environment:create_file_with_runtime_dependencies(/home/talha/dev_ws/src/install/pcd_publisher/share/colcon-core/packages/pcd_publisher)
[2.888s] DEBUG:colcon.colcon_core.event_handler.log_command:Invoked command in '/home/talha/dev_ws/src/build/ros2_numpy' returned '1': CMAKE_PREFIX_PATH=/home/talha/dev_ws/install/py_srvcli:/home/talha/dev_ws/install/py_pubsub:/home/talha/dev_ws/install/pcd_publisher:/opt/ros/foxy /usr/bin/cmake /home/talha/dev_ws/src/ros2_numpy -DCMAKE_INSTALL_PREFIX=/home/talha/dev_ws/src/install/ros2_numpy
[2.912s] Level 1:colcon.colcon_core.environment:create_environment_scripts_only(ros2_numpy)
[2.913s] Level 1:colcon.colcon_core.environment:checking '/home/talha/dev_ws/src/install/ros2_numpy' for CMake module files
[2.914s] Level 1:colcon.colcon_core.environment:checking '/home/talha/dev_ws/src/install/ros2_numpy' for CMake config files
[2.914s] Level 1:colcon.colcon_core.environment:checking '/home/talha/dev_ws/src/install/ros2_numpy/bin'
[2.914s] Level 1:colcon.colcon_core.environment:checking '/home/talha/dev_ws/src/install/ros2_numpy/lib/pkgconfig/ros2_numpy.pc'
[2.915s] Level 1:colcon.colcon_core.environment:checking '/home/talha/dev_ws/src/install/ros2_numpy/lib/python3.8/site-packages'
[2.916s] INFO:colcon.colcon_core.shell:Creating package script '/home/talha/dev_ws/src/install/ros2_numpy/share/ros2_numpy/package.ps1'
[2.916s] INFO:colcon.colcon_core.shell:Creating package descriptor '/home/talha/dev_ws/src/install/ros2_numpy/share/ros2_numpy/package.dsv'
[2.916s] INFO:colcon.colcon_core.shell:Creating package script '/home/talha/dev_ws/src/install/ros2_numpy/share/ros2_numpy/package.sh'
[2.918s] INFO:colcon.colcon_core.shell:Creating package script '/home/talha/dev_ws/src/install/ros2_numpy/share/ros2_numpy/package.bash'
[2.919s] INFO:colcon.colcon_core.shell:Creating package script '/home/talha/dev_ws/src/install/ros2_numpy/share/ros2_numpy/package.zsh'
[2.919s] Level 1:colcon.colcon_core.environment:create_file_with_runtime_dependencies(/home/talha/dev_ws/src/install/ros2_numpy/share/colcon-core/packages/ros2_numpy)
[2.929s] DEBUG:colcon.colcon_parallel_executor.executor.parallel:closing loop
[2.929s] DEBUG:colcon.colcon_parallel_executor.executor.parallel:loop closed
[2.930s] DEBUG:colcon.colcon_parallel_executor.executor.parallel:run_until_complete finished with '1'
[2.930s] DEBUG:colcon.colcon_core.event_reactor:joining thread
[2.937s] INFO:colcon.colcon_core.plugin_system:Skipping extension 'colcon_notification.desktop_notification.terminal_notifier': Not used on non-Darwin systems
[2.937s] INFO:colcon.colcon_core.plugin_system:Skipping extension 'colcon_notification.desktop_notification.win32': Not used on non-Windows systems
[2.937s] INFO:colcon.colcon_notification.desktop_notification:Sending desktop notification using 'notify2'
[2.967s] DEBUG:colcon.colcon_core.event_reactor:joined thread
[2.968s] INFO:colcon.colcon_core.shell:Creating prefix script '/home/talha/dev_ws/src/install/local_setup.ps1'
[2.971s] INFO:colcon.colcon_core.shell:Creating prefix util module '/home/talha/dev_ws/src/install/_local_setup_util_ps1.py'
[2.972s] INFO:colcon.colcon_core.shell:Creating prefix chain script '/home/talha/dev_ws/src/install/setup.ps1'
[2.985s] INFO:colcon.colcon_core.shell:Creating prefix script '/home/talha/dev_ws/src/install/local_setup.sh'
[2.987s] INFO:colcon.colcon_core.shell:Creating prefix util module '/home/talha/dev_ws/src/install/_local_setup_util_sh.py'
[2.988s] INFO:colcon.colcon_core.shell:Creating prefix chain script '/home/talha/dev_ws/src/install/setup.sh'
[2.993s] INFO:colcon.colcon_core.shell:Creating prefix script '/home/talha/dev_ws/src/install/local_setup.bash'
[2.996s] INFO:colcon.colcon_core.shell:Creating prefix chain script '/home/talha/dev_ws/src/install/setup.bash'
[3.000s] INFO:colcon.colcon_core.shell:Creating prefix script '/home/talha/dev_ws/src/install/local_setup.zsh'
[3.004s] INFO:colcon.colcon_core.shell:Creating prefix chain script '/home/talha/dev_ws/src/install/setup.zsh'
