[0.606s] Invoking command in '/home/talha/dev_ws/src/build/ros2_numpy': CMAKE_PREFIX_PATH=/home/talha/dev_ws/install/py_srvcli:/home/talha/dev_ws/install/py_pubsub:/home/talha/dev_ws/install/pcd_publisher:/opt/ros/foxy /usr/bin/cmake /home/talha/dev_ws/src/ros2_numpy -DCMAKE_INSTALL_PREFIX=/home/talha/dev_ws/src/install/ros2_numpy
[0.726s] -- The C compiler identification is GNU 9.3.0
[0.944s] -- The CXX compiler identification is GNU 9.3.0
[0.960s] -- Check for working C compiler: /usr/bin/cc
[1.182s] -- Check for working C compiler: /usr/bin/cc -- works
[1.185s] -- Detecting C compiler ABI info
[1.304s] -- Detecting C compiler ABI info - done
[1.317s] -- Detecting C compile features
[1.318s] -- Detecting C compile features - done
[1.322s] -- Check for working CXX compiler: /usr/bin/c++
[1.407s] -- Check for working CXX compiler: /usr/bin/c++ -- works
[1.407s] -- Detecting CXX compiler ABI info
[1.526s] -- Detecting CXX compiler ABI info - done
[1.537s] -- Detecting CXX compile features
[1.537s] -- Detecting CXX compile features - done
[1.554s] -- Found ament_cmake: 0.9.8 (/opt/ros/foxy/share/ament_cmake/cmake)
[1.586s] -- Found PythonInterp: /usr/bin/python3 (found suitable version "3.8.5", minimum required is "3") 
[1.586s] -- Using PYTHON_EXECUTABLE: /usr/bin/python3
[1.818s] -- Found sensor_msgs: 2.0.4 (/opt/ros/foxy/share/sensor_msgs/cmake)
[1.864s] -- Using all available rosidl_typesupport_c: rosidl_typesupport_fastrtps_c;rosidl_typesupport_introspection_c
[1.874s] -- Found rosidl_adapter: 1.2.1 (/opt/ros/foxy/share/rosidl_adapter/cmake)
[1.981s] -- Found OpenSSL: /usr/lib/x86_64-linux-gnu/libcrypto.so (found version "1.1.1f")  
[2.007s] -- Found FastRTPS: /opt/ros/foxy/include  
[2.092s] -- Using all available rosidl_typesupport_cpp: rosidl_typesupport_fastrtps_cpp;rosidl_typesupport_introspection_cpp
[2.344s] -- Found nav_msgs: 2.0.4 (/opt/ros/foxy/share/nav_msgs/cmake)
[2.453s] -- Found rclpy: 1.0.5 (/opt/ros/foxy/share/rclpy/cmake)
[2.461s] CMake Error at CMakeLists.txt:14 (find_package):
[2.461s]   By not providing "Findament_cmake_nose.cmake" in CMAKE_MODULE_PATH this
[2.461s]   project has asked CMake to find a package configuration file provided by
[2.462s]   "ament_cmake_nose", but CMake did not find one.
[2.462s] 
[2.462s]   Could not find a package configuration file provided by "ament_cmake_nose"
[2.462s]   with any of the following names:
[2.462s] 
[2.462s]     ament_cmake_noseConfig.cmake
[2.462s]     ament_cmake_nose-config.cmake
[2.462s] 
[2.462s]   Add the installation prefix of "ament_cmake_nose" to CMAKE_PREFIX_PATH or
[2.462s]   set "ament_cmake_nose_DIR" to a directory containing one of the above
[2.462s]   files.  If "ament_cmake_nose" provides a separate development package or
[2.462s]   SDK, be sure it has been installed.
[2.462s] 
[2.462s] 
[2.463s] -- Configuring incomplete, errors occurred!
[2.463s] See also "/home/talha/dev_ws/src/build/ros2_numpy/CMakeFiles/CMakeOutput.log".
[2.469s] Invoked command in '/home/talha/dev_ws/src/build/ros2_numpy' returned '1': CMAKE_PREFIX_PATH=/home/talha/dev_ws/install/py_srvcli:/home/talha/dev_ws/install/py_pubsub:/home/talha/dev_ws/install/pcd_publisher:/opt/ros/foxy /usr/bin/cmake /home/talha/dev_ws/src/ros2_numpy -DCMAKE_INSTALL_PREFIX=/home/talha/dev_ws/src/install/ros2_numpy
