[0.637s] Invoking command in '/home/talha/dev_ws/src/py_srvcli': PYTHONPATH=/home/talha/dev_ws/src/install/py_srvcli/lib/python3.8/site-packages:${PYTHONPATH} /usr/bin/python3 setup.py egg_info --egg-base ../build/py_srvcli build --build-base /home/talha/dev_ws/src/build/py_srvcli/build install --prefix /home/talha/dev_ws/src/install/py_srvcli --record /home/talha/dev_ws/src/build/py_srvcli/install.log --single-version-externally-managed
[0.893s] running egg_info
[0.896s] creating ../build/py_srvcli/py_srvcli.egg-info
[0.896s] writing ../build/py_srvcli/py_srvcli.egg-info/PKG-INFO
[0.896s] writing dependency_links to ../build/py_srvcli/py_srvcli.egg-info/dependency_links.txt
[0.897s] writing entry points to ../build/py_srvcli/py_srvcli.egg-info/entry_points.txt
[0.897s] writing requirements to ../build/py_srvcli/py_srvcli.egg-info/requires.txt
[0.897s] writing top-level names to ../build/py_srvcli/py_srvcli.egg-info/top_level.txt
[0.919s] writing manifest file '../build/py_srvcli/py_srvcli.egg-info/SOURCES.txt'
[0.976s] reading manifest file '../build/py_srvcli/py_srvcli.egg-info/SOURCES.txt'
[0.981s] writing manifest file '../build/py_srvcli/py_srvcli.egg-info/SOURCES.txt'
[0.981s] running build
[0.981s] running build_py
[0.981s] creating /home/talha/dev_ws/src/build/py_srvcli/build
[0.981s] creating /home/talha/dev_ws/src/build/py_srvcli/build/lib
[0.981s] creating /home/talha/dev_ws/src/build/py_srvcli/build/lib/py_srvcli
[0.981s] copying py_srvcli/service_member_function.py -> /home/talha/dev_ws/src/build/py_srvcli/build/lib/py_srvcli
[0.983s] copying py_srvcli/__init__.py -> /home/talha/dev_ws/src/build/py_srvcli/build/lib/py_srvcli
[0.983s] copying py_srvcli/client_member_function.py -> /home/talha/dev_ws/src/build/py_srvcli/build/lib/py_srvcli
[0.983s] running install
[0.983s] running install_lib
[0.983s] creating /home/talha/dev_ws/src/install/py_srvcli/lib/python3.8/site-packages/py_srvcli
[0.983s] copying /home/talha/dev_ws/src/build/py_srvcli/build/lib/py_srvcli/service_member_function.py -> /home/talha/dev_ws/src/install/py_srvcli/lib/python3.8/site-packages/py_srvcli
[0.983s] copying /home/talha/dev_ws/src/build/py_srvcli/build/lib/py_srvcli/__init__.py -> /home/talha/dev_ws/src/install/py_srvcli/lib/python3.8/site-packages/py_srvcli
[0.983s] copying /home/talha/dev_ws/src/build/py_srvcli/build/lib/py_srvcli/client_member_function.py -> /home/talha/dev_ws/src/install/py_srvcli/lib/python3.8/site-packages/py_srvcli
[0.984s] byte-compiling /home/talha/dev_ws/src/install/py_srvcli/lib/python3.8/site-packages/py_srvcli/service_member_function.py to service_member_function.cpython-38.pyc
[0.987s] byte-compiling /home/talha/dev_ws/src/install/py_srvcli/lib/python3.8/site-packages/py_srvcli/__init__.py to __init__.cpython-38.pyc
[0.987s] byte-compiling /home/talha/dev_ws/src/install/py_srvcli/lib/python3.8/site-packages/py_srvcli/client_member_function.py to client_member_function.cpython-38.pyc
[0.987s] running install_data
[0.989s] creating /home/talha/dev_ws/src/install/py_srvcli/share/ament_index
[0.989s] creating /home/talha/dev_ws/src/install/py_srvcli/share/ament_index/resource_index
[0.989s] creating /home/talha/dev_ws/src/install/py_srvcli/share/ament_index/resource_index/packages
[0.990s] copying resource/py_srvcli -> /home/talha/dev_ws/src/install/py_srvcli/share/ament_index/resource_index/packages
[0.990s] copying package.xml -> /home/talha/dev_ws/src/install/py_srvcli/share/py_srvcli
[0.990s] running install_egg_info
[0.992s] Copying ../build/py_srvcli/py_srvcli.egg-info to /home/talha/dev_ws/src/install/py_srvcli/lib/python3.8/site-packages/py_srvcli-0.0.0-py3.8.egg-info
[0.993s] running install_scripts
[1.062s] Installing client script to /home/talha/dev_ws/src/install/py_srvcli/lib/py_srvcli
[1.062s] Installing service script to /home/talha/dev_ws/src/install/py_srvcli/lib/py_srvcli
[1.062s] writing list of installed files to '/home/talha/dev_ws/src/build/py_srvcli/install.log'
[1.125s] Invoked command in '/home/talha/dev_ws/src/py_srvcli' returned '0': PYTHONPATH=/home/talha/dev_ws/src/install/py_srvcli/lib/python3.8/site-packages:${PYTHONPATH} /usr/bin/python3 setup.py egg_info --egg-base ../build/py_srvcli build --build-base /home/talha/dev_ws/src/build/py_srvcli/build install --prefix /home/talha/dev_ws/src/install/py_srvcli --record /home/talha/dev_ws/src/build/py_srvcli/install.log --single-version-externally-managed
