running egg_info
creating ../build/pcd_publisher/pcd_publisher.egg-info
writing ../build/pcd_publisher/pcd_publisher.egg-info/PKG-INFO
writing dependency_links to ../build/pcd_publisher/pcd_publisher.egg-info/dependency_links.txt
writing entry points to ../build/pcd_publisher/pcd_publisher.egg-info/entry_points.txt
writing requirements to ../build/pcd_publisher/pcd_publisher.egg-info/requires.txt
writing top-level names to ../build/pcd_publisher/pcd_publisher.egg-info/top_level.txt
writing manifest file '../build/pcd_publisher/pcd_publisher.egg-info/SOURCES.txt'
reading manifest file '../build/pcd_publisher/pcd_publisher.egg-info/SOURCES.txt'
writing manifest file '../build/pcd_publisher/pcd_publisher.egg-info/SOURCES.txt'
running build
running build_py
creating /home/talha/dev_ws/src/build/pcd_publisher/build
creating /home/talha/dev_ws/src/build/pcd_publisher/build/lib
creating /home/talha/dev_ws/src/build/pcd_publisher/build/lib/pcd_publisher
copying pcd_publisher/__init__.py -> /home/talha/dev_ws/src/build/pcd_publisher/build/lib/pcd_publisher
copying pcd_publisher/pcd_publisher_node.py -> /home/talha/dev_ws/src/build/pcd_publisher/build/lib/pcd_publisher
running install
running install_lib
creating /home/talha/dev_ws/src/install/pcd_publisher/lib/python3.8/site-packages/pcd_publisher
copying /home/talha/dev_ws/src/build/pcd_publisher/build/lib/pcd_publisher/__init__.py -> /home/talha/dev_ws/src/install/pcd_publisher/lib/python3.8/site-packages/pcd_publisher
copying /home/talha/dev_ws/src/build/pcd_publisher/build/lib/pcd_publisher/pcd_publisher_node.py -> /home/talha/dev_ws/src/install/pcd_publisher/lib/python3.8/site-packages/pcd_publisher
byte-compiling /home/talha/dev_ws/src/install/pcd_publisher/lib/python3.8/site-packages/pcd_publisher/__init__.py to __init__.cpython-38.pyc
byte-compiling /home/talha/dev_ws/src/install/pcd_publisher/lib/python3.8/site-packages/pcd_publisher/pcd_publisher_node.py to pcd_publisher_node.cpython-38.pyc
running install_data
creating /home/talha/dev_ws/src/install/pcd_publisher/share/ament_index
creating /home/talha/dev_ws/src/install/pcd_publisher/share/ament_index/resource_index
creating /home/talha/dev_ws/src/install/pcd_publisher/share/ament_index/resource_index/packages
copying resource/pcd_publisher -> /home/talha/dev_ws/src/install/pcd_publisher/share/ament_index/resource_index/packages
copying package.xml -> /home/talha/dev_ws/src/install/pcd_publisher/share/pcd_publisher
running install_egg_info
Copying ../build/pcd_publisher/pcd_publisher.egg-info to /home/talha/dev_ws/src/install/pcd_publisher/lib/python3.8/site-packages/pcd_publisher-0.0.0-py3.8.egg-info
running install_scripts
Installing pcd_publisher_node script to /home/talha/dev_ws/src/install/pcd_publisher/lib/pcd_publisher
writing list of installed files to '/home/talha/dev_ws/src/build/pcd_publisher/install.log'
