[0.190s] Invoking command in '/home/talha/dev_ws/src/pcd_publisher': PYTHONPATH=/home/talha/dev_ws/src/install/pcd_publisher/lib/python3.8/site-packages:${PYTHONPATH} /usr/bin/python3 setup.py egg_info --egg-base ../build/pcd_publisher build --build-base /home/talha/dev_ws/src/build/pcd_publisher/build install --prefix /home/talha/dev_ws/src/install/pcd_publisher --record /home/talha/dev_ws/src/build/pcd_publisher/install.log --single-version-externally-managed
[0.355s] running egg_info
[0.355s] creating ../build/pcd_publisher/pcd_publisher.egg-info
[0.355s] writing ../build/pcd_publisher/pcd_publisher.egg-info/PKG-INFO
[0.356s] writing dependency_links to ../build/pcd_publisher/pcd_publisher.egg-info/dependency_links.txt
[0.356s] writing entry points to ../build/pcd_publisher/pcd_publisher.egg-info/entry_points.txt
[0.356s] writing requirements to ../build/pcd_publisher/pcd_publisher.egg-info/requires.txt
[0.357s] writing top-level names to ../build/pcd_publisher/pcd_publisher.egg-info/top_level.txt
[0.358s] writing manifest file '../build/pcd_publisher/pcd_publisher.egg-info/SOURCES.txt'
[0.390s] reading manifest file '../build/pcd_publisher/pcd_publisher.egg-info/SOURCES.txt'
[0.391s] writing manifest file '../build/pcd_publisher/pcd_publisher.egg-info/SOURCES.txt'
[0.391s] running build
[0.392s] running build_py
[0.392s] creating /home/talha/dev_ws/src/build/pcd_publisher/build
[0.392s] creating /home/talha/dev_ws/src/build/pcd_publisher/build/lib
[0.392s] creating /home/talha/dev_ws/src/build/pcd_publisher/build/lib/pcd_publisher
[0.392s] copying pcd_publisher/__init__.py -> /home/talha/dev_ws/src/build/pcd_publisher/build/lib/pcd_publisher
[0.393s] copying pcd_publisher/pcd_publisher_node.py -> /home/talha/dev_ws/src/build/pcd_publisher/build/lib/pcd_publisher
[0.393s] running install
[0.394s] running install_lib
[0.395s] creating /home/talha/dev_ws/src/install/pcd_publisher/lib/python3.8/site-packages/pcd_publisher
[0.395s] copying /home/talha/dev_ws/src/build/pcd_publisher/build/lib/pcd_publisher/__init__.py -> /home/talha/dev_ws/src/install/pcd_publisher/lib/python3.8/site-packages/pcd_publisher
[0.395s] copying /home/talha/dev_ws/src/build/pcd_publisher/build/lib/pcd_publisher/pcd_publisher_node.py -> /home/talha/dev_ws/src/install/pcd_publisher/lib/python3.8/site-packages/pcd_publisher
[0.396s] byte-compiling /home/talha/dev_ws/src/install/pcd_publisher/lib/python3.8/site-packages/pcd_publisher/__init__.py to __init__.cpython-38.pyc
[0.397s] byte-compiling /home/talha/dev_ws/src/install/pcd_publisher/lib/python3.8/site-packages/pcd_publisher/pcd_publisher_node.py to pcd_publisher_node.cpython-38.pyc
[0.398s] running install_data
[0.398s] creating /home/talha/dev_ws/src/install/pcd_publisher/share/ament_index
[0.398s] creating /home/talha/dev_ws/src/install/pcd_publisher/share/ament_index/resource_index
[0.398s] creating /home/talha/dev_ws/src/install/pcd_publisher/share/ament_index/resource_index/packages
[0.399s] copying resource/pcd_publisher -> /home/talha/dev_ws/src/install/pcd_publisher/share/ament_index/resource_index/packages
[0.399s] copying package.xml -> /home/talha/dev_ws/src/install/pcd_publisher/share/pcd_publisher
[0.399s] running install_egg_info
[0.416s] Copying ../build/pcd_publisher/pcd_publisher.egg-info to /home/talha/dev_ws/src/install/pcd_publisher/lib/python3.8/site-packages/pcd_publisher-0.0.0-py3.8.egg-info
[0.417s] running install_scripts
[0.436s] Installing pcd_publisher_node script to /home/talha/dev_ws/src/install/pcd_publisher/lib/pcd_publisher
[0.437s] writing list of installed files to '/home/talha/dev_ws/src/build/pcd_publisher/install.log'
[0.457s] Invoked command in '/home/talha/dev_ws/src/pcd_publisher' returned '0': PYTHONPATH=/home/talha/dev_ws/src/install/pcd_publisher/lib/python3.8/site-packages:${PYTHONPATH} /usr/bin/python3 setup.py egg_info --egg-base ../build/pcd_publisher build --build-base /home/talha/dev_ws/src/build/pcd_publisher/build install --prefix /home/talha/dev_ws/src/install/pcd_publisher --record /home/talha/dev_ws/src/build/pcd_publisher/install.log --single-version-externally-managed
