running develop
Removing /home/talha/dev_ws/src/install/pcd_publisher/lib/python3.8/site-packages/pcd-publisher.egg-link (link to .)
running egg_info
writing ../build/pcd_publisher/pcd_publisher.egg-info/PKG-INFO
writing dependency_links to ../build/pcd_publisher/pcd_publisher.egg-info/dependency_links.txt
writing entry points to ../build/pcd_publisher/pcd_publisher.egg-info/entry_points.txt
writing requirements to ../build/pcd_publisher/pcd_publisher.egg-info/requires.txt
writing top-level names to ../build/pcd_publisher/pcd_publisher.egg-info/top_level.txt
reading manifest file '../build/pcd_publisher/pcd_publisher.egg-info/SOURCES.txt'
writing manifest file '../build/pcd_publisher/pcd_publisher.egg-info/SOURCES.txt'
running build
running build_py
running install
running install_lib
creating /home/talha/dev_ws/src/install/pcd_publisher/lib/python3.8/site-packages/pcd_publisher
copying /home/talha/dev_ws/src/build/pcd_publisher/build/lib/pcd_publisher/__init__.py -> /home/talha/dev_ws/src/install/pcd_publisher/lib/python3.8/site-packages/pcd_publisher
copying /home/talha/dev_ws/src/build/pcd_publisher/build/lib/pcd_publisher/pcd_publisher_node.py -> /home/talha/dev_ws/src/install/pcd_publisher/lib/python3.8/site-packages/pcd_publisher
byte-compiling /home/talha/dev_ws/src/install/pcd_publisher/lib/python3.8/site-packages/pcd_publisher/__init__.py to __init__.cpython-38.pyc
byte-compiling /home/talha/dev_ws/src/install/pcd_publisher/lib/python3.8/site-packages/pcd_publisher/pcd_publisher_node.py to pcd_publisher_node.cpython-38.pyc
running install_data
running install_egg_info
Copying ../build/pcd_publisher/pcd_publisher.egg-info to /home/talha/dev_ws/src/install/pcd_publisher/lib/python3.8/site-packages/pcd_publisher-0.0.0-py3.8.egg-info
running install_scripts
Installing pcd_publisher_node script to /home/talha/dev_ws/src/install/pcd_publisher/lib/pcd_publisher
writing list of installed files to '/home/talha/dev_ws/src/build/pcd_publisher/install.log'
