[0.649s] Invoking command in '/home/talha/dev_ws/src/build/pcd_publisher': PYTHONPATH=/home/talha/dev_ws/src/install/pcd_publisher/lib/python3.8/site-packages:${PYTHONPATH} /usr/bin/python3 setup.py develop --prefix /home/talha/dev_ws/src/install/pcd_publisher --uninstall --editable --build-directory /home/talha/dev_ws/src/build/pcd_publisher/build
[1.016s] running develop
[1.269s] Removing /home/talha/dev_ws/src/install/pcd_publisher/lib/python3.8/site-packages/pcd-publisher.egg-link (link to .)
[1.300s] Invoked command in '/home/talha/dev_ws/src/build/pcd_publisher' returned '0': PYTHONPATH=/home/talha/dev_ws/src/install/pcd_publisher/lib/python3.8/site-packages:${PYTHONPATH} /usr/bin/python3 setup.py develop --prefix /home/talha/dev_ws/src/install/pcd_publisher --uninstall --editable --build-directory /home/talha/dev_ws/src/build/pcd_publisher/build
[1.301s] Invoking command in '/home/talha/dev_ws/src/pcd_publisher': PYTHONPATH=/home/talha/dev_ws/src/install/pcd_publisher/lib/python3.8/site-packages:${PYTHONPATH} /usr/bin/python3 setup.py egg_info --egg-base ../build/pcd_publisher build --build-base /home/talha/dev_ws/src/build/pcd_publisher/build install --prefix /home/talha/dev_ws/src/install/pcd_publisher --record /home/talha/dev_ws/src/build/pcd_publisher/install.log --single-version-externally-managed
[1.559s] running egg_info
[1.560s] writing ../build/pcd_publisher/pcd_publisher.egg-info/PKG-INFO
[1.561s] writing dependency_links to ../build/pcd_publisher/pcd_publisher.egg-info/dependency_links.txt
[1.561s] writing entry points to ../build/pcd_publisher/pcd_publisher.egg-info/entry_points.txt
[1.561s] writing requirements to ../build/pcd_publisher/pcd_publisher.egg-info/requires.txt
[1.562s] writing top-level names to ../build/pcd_publisher/pcd_publisher.egg-info/top_level.txt
[1.622s] reading manifest file '../build/pcd_publisher/pcd_publisher.egg-info/SOURCES.txt'
[1.623s] writing manifest file '../build/pcd_publisher/pcd_publisher.egg-info/SOURCES.txt'
[1.623s] running build
[1.624s] running build_py
[1.624s] running install
[1.625s] running install_lib
[1.625s] creating /home/talha/dev_ws/src/install/pcd_publisher/lib/python3.8/site-packages/pcd_publisher
[1.626s] copying /home/talha/dev_ws/src/build/pcd_publisher/build/lib/pcd_publisher/__init__.py -> /home/talha/dev_ws/src/install/pcd_publisher/lib/python3.8/site-packages/pcd_publisher
[1.626s] copying /home/talha/dev_ws/src/build/pcd_publisher/build/lib/pcd_publisher/pcd_publisher_node.py -> /home/talha/dev_ws/src/install/pcd_publisher/lib/python3.8/site-packages/pcd_publisher
[1.627s] byte-compiling /home/talha/dev_ws/src/install/pcd_publisher/lib/python3.8/site-packages/pcd_publisher/__init__.py to __init__.cpython-38.pyc
[1.628s] byte-compiling /home/talha/dev_ws/src/install/pcd_publisher/lib/python3.8/site-packages/pcd_publisher/pcd_publisher_node.py to pcd_publisher_node.cpython-38.pyc
[1.628s] running install_data
[1.629s] running install_egg_info
[1.631s] Copying ../build/pcd_publisher/pcd_publisher.egg-info to /home/talha/dev_ws/src/install/pcd_publisher/lib/python3.8/site-packages/pcd_publisher-0.0.0-py3.8.egg-info
[1.632s] running install_scripts
[1.647s] Installing pcd_publisher_node script to /home/talha/dev_ws/src/install/pcd_publisher/lib/pcd_publisher
[1.648s] writing list of installed files to '/home/talha/dev_ws/src/build/pcd_publisher/install.log'
[1.666s] Invoked command in '/home/talha/dev_ws/src/pcd_publisher' returned '0': PYTHONPATH=/home/talha/dev_ws/src/install/pcd_publisher/lib/python3.8/site-packages:${PYTHONPATH} /usr/bin/python3 setup.py egg_info --egg-base ../build/pcd_publisher build --build-base /home/talha/dev_ws/src/build/pcd_publisher/build install --prefix /home/talha/dev_ws/src/install/pcd_publisher --record /home/talha/dev_ws/src/build/pcd_publisher/install.log --single-version-externally-managed
