[0.638s] Invoking command in '/home/talha/dev_ws/src/py_pubsub': PYTHONPATH=/home/talha/dev_ws/src/install/py_pubsub/lib/python3.8/site-packages:${PYTHONPATH} /usr/bin/python3 setup.py egg_info --egg-base ../build/py_pubsub build --build-base /home/talha/dev_ws/src/build/py_pubsub/build install --prefix /home/talha/dev_ws/src/install/py_pubsub --record /home/talha/dev_ws/src/build/py_pubsub/install.log --single-version-externally-managed
[0.899s] running egg_info
[0.906s] creating ../build/py_pubsub/py_pubsub.egg-info
[0.906s] writing ../build/py_pubsub/py_pubsub.egg-info/PKG-INFO
[0.906s] writing dependency_links to ../build/py_pubsub/py_pubsub.egg-info/dependency_links.txt
[0.906s] writing entry points to ../build/py_pubsub/py_pubsub.egg-info/entry_points.txt
[0.906s] writing requirements to ../build/py_pubsub/py_pubsub.egg-info/requires.txt
[0.906s] writing top-level names to ../build/py_pubsub/py_pubsub.egg-info/top_level.txt
[0.921s] writing manifest file '../build/py_pubsub/py_pubsub.egg-info/SOURCES.txt'
[0.997s] reading manifest file '../build/py_pubsub/py_pubsub.egg-info/SOURCES.txt'
[0.998s] writing manifest file '../build/py_pubsub/py_pubsub.egg-info/SOURCES.txt'
[0.998s] running build
[0.998s] running build_py
[0.999s] creating /home/talha/dev_ws/src/build/py_pubsub/build
[0.999s] creating /home/talha/dev_ws/src/build/py_pubsub/build/lib
[0.999s] creating /home/talha/dev_ws/src/build/py_pubsub/build/lib/py_pubsub
[1.002s] copying py_pubsub/publisher_member_function.py -> /home/talha/dev_ws/src/build/py_pubsub/build/lib/py_pubsub
[1.006s] copying py_pubsub/__init__.py -> /home/talha/dev_ws/src/build/py_pubsub/build/lib/py_pubsub
[1.006s] copying py_pubsub/subscriber_member_function.py -> /home/talha/dev_ws/src/build/py_pubsub/build/lib/py_pubsub
[1.006s] copying py_pubsub/sub_test.py -> /home/talha/dev_ws/src/build/py_pubsub/build/lib/py_pubsub
[1.007s] running install
[1.007s] running install_lib
[1.008s] creating /home/talha/dev_ws/src/install/py_pubsub/lib/python3.8/site-packages/py_pubsub
[1.013s] copying /home/talha/dev_ws/src/build/py_pubsub/build/lib/py_pubsub/publisher_member_function.py -> /home/talha/dev_ws/src/install/py_pubsub/lib/python3.8/site-packages/py_pubsub
[1.013s] copying /home/talha/dev_ws/src/build/py_pubsub/build/lib/py_pubsub/__init__.py -> /home/talha/dev_ws/src/install/py_pubsub/lib/python3.8/site-packages/py_pubsub
[1.013s] copying /home/talha/dev_ws/src/build/py_pubsub/build/lib/py_pubsub/subscriber_member_function.py -> /home/talha/dev_ws/src/install/py_pubsub/lib/python3.8/site-packages/py_pubsub
[1.013s] copying /home/talha/dev_ws/src/build/py_pubsub/build/lib/py_pubsub/sub_test.py -> /home/talha/dev_ws/src/install/py_pubsub/lib/python3.8/site-packages/py_pubsub
[1.015s] byte-compiling /home/talha/dev_ws/src/install/py_pubsub/lib/python3.8/site-packages/py_pubsub/publisher_member_function.py to publisher_member_function.cpython-38.pyc
[1.017s] byte-compiling /home/talha/dev_ws/src/install/py_pubsub/lib/python3.8/site-packages/py_pubsub/__init__.py to __init__.cpython-38.pyc
[1.018s] byte-compiling /home/talha/dev_ws/src/install/py_pubsub/lib/python3.8/site-packages/py_pubsub/subscriber_member_function.py to subscriber_member_function.cpython-38.pyc
[1.019s] byte-compiling /home/talha/dev_ws/src/install/py_pubsub/lib/python3.8/site-packages/py_pubsub/sub_test.py to sub_test.cpython-38.pyc
[1.019s] running install_data
[1.021s] creating /home/talha/dev_ws/src/install/py_pubsub/share/ament_index
[1.021s] creating /home/talha/dev_ws/src/install/py_pubsub/share/ament_index/resource_index
[1.021s] creating /home/talha/dev_ws/src/install/py_pubsub/share/ament_index/resource_index/packages
[1.021s] copying resource/py_pubsub -> /home/talha/dev_ws/src/install/py_pubsub/share/ament_index/resource_index/packages
[1.022s] copying package.xml -> /home/talha/dev_ws/src/install/py_pubsub/share/py_pubsub
[1.022s] running install_egg_info
[1.025s] Copying ../build/py_pubsub/py_pubsub.egg-info to /home/talha/dev_ws/src/install/py_pubsub/lib/python3.8/site-packages/py_pubsub-0.0.0-py3.8.egg-info
[1.029s] running install_scripts
[1.073s] Installing listener script to /home/talha/dev_ws/src/install/py_pubsub/lib/py_pubsub
[1.073s] Installing talker script to /home/talha/dev_ws/src/install/py_pubsub/lib/py_pubsub
[1.073s] writing list of installed files to '/home/talha/dev_ws/src/build/py_pubsub/install.log'
[1.101s] Invoked command in '/home/talha/dev_ws/src/py_pubsub' returned '0': PYTHONPATH=/home/talha/dev_ws/src/install/py_pubsub/lib/python3.8/site-packages:${PYTHONPATH} /usr/bin/python3 setup.py egg_info --egg-base ../build/py_pubsub build --build-base /home/talha/dev_ws/src/build/py_pubsub/build install --prefix /home/talha/dev_ws/src/install/py_pubsub --record /home/talha/dev_ws/src/build/py_pubsub/install.log --single-version-externally-managed
